This is XeTeX, Version 3.141592653-2.6-0.999995 (MiKTeX 23.5) (preloaded format=xelatex 2023.10.20)  1 DEC 2023 22:24
entering extended mode
 restricted \write18 enabled.
 file:line:error style messages enabled.
 %&-line parsing enabled.
**"d:/Bigly Downloads/VS code/MY Projects/Templates-and-tools-for-Latex/Arabic 
pdfs/main.tex"

(d:/Bigly Downloads/VS code/MY Projects/Templates-and-tools-for-Latex/Arabic pd
fs/main.tex
LaTeX2e <2023-06-01> patch level 1
L3 programming layer <2023-08-11>
(C:\Users\Ahmed\AppData\Local\Programs\MiKTeX\tex/latex/base\article.cls
Document Class: article 2023/05/17 v1.4n Standard LaTeX document class
(C:\Users\Ahmed\AppData\Local\Programs\MiKTeX\tex/latex/base\size10.clo
File: size10.clo 2023/05/17 v1.4n Standard LaTeX file (size option)
)
\c@part=\count181
\c@section=\count182
\c@subsection=\count183
\c@subsubsection=\count184
\c@paragraph=\count185
\c@subparagraph=\count186
\c@figure=\count187
\c@table=\count188
\abovecaptionskip=\skip48
\belowcaptionskip=\skip49
\bibindent=\dimen140
)
(C:\Users\Ahmed\AppData\Local\Programs\MiKTeX\tex/latex/fontspec\fontspec.sty
(C:\Users\Ahmed\AppData\Local\Programs\MiKTeX\tex/latex/l3packages/xparse\xpars
e.sty
(C:\Users\Ahmed\AppData\Local\Programs\MiKTeX\tex/latex/l3kernel\expl3.sty
Package: expl3 2023-08-11 L3 programming layer (loader) 

(C:\Users\Ahmed\AppData\Local\Programs\MiKTeX\tex/latex/l3backend\l3backend-xet
ex.def
File: l3backend-xetex.def 2023-04-19 L3 backend support: XeTeX
\g__graphics_track_int=\count189
\l__pdf_internal_box=\box51
\g__pdf_backend_object_int=\count190
\g__pdf_backend_annotation_int=\count191
\g__pdf_backend_link_int=\count192
))
Package: xparse 2023-02-02 L3 Experimental document command parser
)
Package: fontspec 2022/01/15 v2.8a Font selection for XeLaTeX and LuaLaTeX

(C:\Users\Ahmed\AppData\Local\Programs\MiKTeX\tex/latex/fontspec\fontspec-xetex
.sty
Package: fontspec-xetex 2022/01/15 v2.8a Font selection for XeLaTeX and LuaLaTe
X
\l__fontspec_script_int=\count193
\l__fontspec_language_int=\count194
\l__fontspec_strnum_int=\count195
\l__fontspec_tmp_int=\count196
\l__fontspec_tmpa_int=\count197
\l__fontspec_tmpb_int=\count198
\l__fontspec_tmpc_int=\count199
\l__fontspec_em_int=\count266
\l__fontspec_emdef_int=\count267
\l__fontspec_strong_int=\count268
\l__fontspec_strongdef_int=\count269
\l__fontspec_tmpa_dim=\dimen141
\l__fontspec_tmpb_dim=\dimen142
\l__fontspec_tmpc_dim=\dimen143
 (C:\Users\Ahmed\AppData\Local\Programs\MiKTeX\tex/latex/base\fontenc.sty
Package: fontenc 2021/04/29 v2.0v Standard LaTeX package
)
(C:\Users\Ahmed\AppData\Local\Programs\MiKTeX\tex/latex/fontspec\fontspec.cfg))
)
(C:\Users\Ahmed\AppData\Local\Programs\MiKTeX\tex/latex/polyglossia\polyglossia
.sty
Package: polyglossia 2023/10/01 v1.65 Modern multilingual typesetting with XeLa
TeX and LuaLaTeX

(C:\Users\Ahmed\AppData\Local\Programs\MiKTeX\tex/latex/etoolbox\etoolbox.sty
Package: etoolbox 2020/10/05 v2.5k e-TeX tools for LaTeX (JAW)
\etb@tempcnta=\count270
)
(C:\Users\Ahmed\AppData\Local\Programs\MiKTeX\tex/latex/makecmds\makecmds.sty
Package: makecmds 2009/09/03 v1.0a extra command making commands
)
(C:\Users\Ahmed\AppData\Local\Programs\MiKTeX\tex/latex/xkeyval\xkeyval.sty
Package: xkeyval 2022/06/16 v2.9 package option processing (HA)

(C:\Users\Ahmed\AppData\Local\Programs\MiKTeX\tex/generic/xkeyval\xkeyval.tex
(C:\Users\Ahmed\AppData\Local\Programs\MiKTeX\tex/generic/xkeyval\xkvutils.tex
\XKV@toks=\toks17
\XKV@tempa@toks=\toks18

(C:\Users\Ahmed\AppData\Local\Programs\MiKTeX\tex/generic/xkeyval\keyval.tex))
\XKV@depth=\count271
File: xkeyval.tex 2014/12/03 v2.7a key=value parser (HA)
)) (C:\Users\Ahmed\AppData\Local\Programs\MiKTeX\tex/generic/iftex\iftex.sty
Package: iftex 2022/02/03 v1.0f TeX engine tests
)
(C:\Users\Ahmed\AppData\Local\Programs\MiKTeX\tex/latex/l3packages/l3keys2e\l3k
eys2e.sty
Package: l3keys2e 2023-02-02 LaTeX2e option processing using LaTeX3 keys
)
\xpg@normalclass=\XeTeXcharclass1

(C:\Users\Ahmed\AppData\Local\Programs\MiKTeX\tex/latex/polyglossia\gloss-latex
.lde
Package: gloss-latex 2023/10/01 v1.65 polyglossia: module for default language
The property list \polyglossia@langsetup contains the pairs (without outer
braces):
>  {latex/script}  =>  {latin}
>  {latex/lcscript}  =>  {latin}
>  {latex/scripttag}  =>  {}
>  {latex/language}  =>  {Latex}
>  {latex/langtag}  =>  {ENG}
>  {latex/bcp47}  =>  {en-US}
>  {latex/bcp47-language}  =>  {en}
>  {latex/bcp47-region}  =>  {US}
>  {latex/bcp47-script}  =>  {Latn}
>  {latex/bcp47-variant}  =>  {}
>  {latex/bcp47-extension-t}  =>  {}
>  {latex/bcp47-extension-u}  =>  {}
>  {latex/bcp47-extension-x}  =>  {}
>  {latex/bcp47-casing}  =>  {}
>  {latex/hyphennames}  =>  {english}
>  {latex/direction}  =>  {LR}
>  {latex/hyphenmins}  =>  {2,3}
>  {latex/frenchspacing}  =>  {false}
>  {latex/indentfirst}  =>  {false}
>  {latex/fontsetup}  =>  {true}
>  {latex/envname}  =>  {latex}
>  {latex/babelname}  =>  {latex}
>  {latex/localnumeral}  =>  {polyglossia@C@localnumeral}
>  {latex/Localnumeral}  =>  {polyglossia@C@localnumeral}
>  {latex/DefineCommandsCmd}  =>  {use_none:n}.
)
Package polyglossia Info: Default language is latex.
)
(C:\Users\Ahmed\AppData\Local\Programs\MiKTeX\tex/latex/polyglossia\gloss-arabi
c.ldf
File: gloss-arabic.ldf polyglossia: module for Arabic
 (C:\Users\Ahmed\AppData\Local\Programs\MiKTeX\tex/xelatex/bidi\bidi.sty
Package: bidi 2023/08/02 v39.8 (Release Donald Ervin Knuth) Bidirectional types
etting in plain TeX and LaTeX

****************************************************
* 
* bidi package (Bidirectional typesetting in
* plain TeX and LaTeX, using XeTeX engine)
* 
* Description: A convenient interface for
* typesetting bidirectional texts in plain TeX
* and LaTeX. The package includes adaptations
* for use with many other commonly-used packages.
* 
* Copyright (c) 2007--2023 Vafa Khalighi
* Copyright (c) 2018--2020 bidi-tex GitHub organization
* 
* v39.8 (Release Donald Ervin Knuth), 2023/08/02
* 
* License: LaTeX Project Public License, version
* 1.3c or higher (your choice)
* 
* Location on CTAN: /macros/xetex/latex/bidi
* 
* Issue tracker: https://github.com/kvafa/bidi/issues
* 
* Discussions: https://github.com/kvafa/bidi/discussions
* 
* Primary author of bidi package: Vafa Khalighi.
* 
****************************************************
(C:\Users\Ahmed\AppData\Local\Programs\MiKTeX\tex/xelatex/bidi\biditools.sty
Package: biditools 2022/06/15 v2.3 Programming tools for bidi package
\@bidi@envbody=\toks19
\@bidi@emptytoks=\toks20
\bidi@poscount=\count272
\bidi@tempcountb=\count273
\bidi@temptoksa=\toks21
\bidi@temptoksb=\toks22
\bidi@dummies=\count274
\bidi@are@these@correct=\toks23
\bidi@toks@lista=\toks24
\bidi@toks@listb=\toks25
\bidi@stack@length=\count275
\bidi@empty@stack=\toks26
\bidi@looprepeat@depth=\count276
)
(C:\Users\Ahmed\AppData\Local\Programs\MiKTeX\tex/latex/zref\zref-abspage.sty
Package: zref-abspage 2022-04-07 v2.34 Module abspage for zref (HO)

(C:\Users\Ahmed\AppData\Local\Programs\MiKTeX\tex/latex/zref\zref-base.sty
Package: zref-base 2022-04-07 v2.34 Module base for zref (HO)

(C:\Users\Ahmed\AppData\Local\Programs\MiKTeX\tex/generic/ltxcmds\ltxcmds.sty
Package: ltxcmds 2020-05-10 v1.25 LaTeX kernel commands for general use (HO)
)
(C:\Users\Ahmed\AppData\Local\Programs\MiKTeX\tex/generic/infwarerr\infwarerr.s
ty
Package: infwarerr 2019/12/03 v1.5 Providing info/warning/error messages (HO)
)
(C:\Users\Ahmed\AppData\Local\Programs\MiKTeX\tex/latex/kvsetkeys\kvsetkeys.sty
Package: kvsetkeys 2022-10-05 v1.19 Key value parser (HO)
)
(C:\Users\Ahmed\AppData\Local\Programs\MiKTeX\tex/generic/kvdefinekeys\kvdefine
keys.sty
Package: kvdefinekeys 2019-12-19 v1.6 Define keys (HO)
)
(C:\Users\Ahmed\AppData\Local\Programs\MiKTeX\tex/generic/pdftexcmds\pdftexcmds
.sty
Package: pdftexcmds 2020-06-27 v0.33 Utility functions of pdfTeX for LuaTeX (HO
)
Package pdftexcmds Info: \pdf@primitive is available.
Package pdftexcmds Info: \pdf@ifprimitive is available.
Package pdftexcmds Info: \pdfdraftmode not found.
)
(C:\Users\Ahmed\AppData\Local\Programs\MiKTeX\tex/generic/etexcmds\etexcmds.sty
Package: etexcmds 2019/12/15 v1.7 Avoid name clashes with e-TeX commands (HO)
) (C:\Users\Ahmed\AppData\Local\Programs\MiKTeX\tex/latex/auxhook\auxhook.sty
Package: auxhook 2019-12-17 v1.6 Hooks for auxiliary files (HO)
)
Package zref Info: New property list: main on input line 767.
Package zref Info: New property: default on input line 768.
Package zref Info: New property: page on input line 769.
) (C:\Users\Ahmed\AppData\Local\Programs\MiKTeX\tex/latex/base\atbegshi-ltx.sty
Package: atbegshi-ltx 2021/01/10 v1.0c Emulation of the original atbegshi
package with kernel methods
)
\c@abspage=\count277
Package zref Info: New property: abspage on input line 65.
)
\@bidi@copyins@=\insert252

(C:\Users\Ahmed\AppData\Local\Programs\MiKTeX\tex/xelatex/bidi\latex-xetex-bidi
.def
File: latex-xetex-bidi.def 2022/07/04 v1.4.9 bidi adaptations for `latex.ltx' f
or XeTeX engine
\bidi@n@everypar=\toks27
\bidi@column@check@number=\count278

(C:\Users\Ahmed\AppData\Local\Programs\MiKTeX\tex/xelatex/bidi\footnote-xetex-b
idi.def
File: footnote-xetex-bidi.def 2023/01/18 v1.2 bidi footnote macros for XeTeX en
gine
\c@footdir@label=\count279
\footdir@toks=\toks28
)
(C:\Users\Ahmed\AppData\Local\Programs\MiKTeX\tex/xelatex/bidi\article-xetex-bi
di.def
File: article-xetex-bidi.def 2017/06/09 v0.6 bidi adaptations for standard arti
cle class for XeTeX engine
))
(C:\Users\Ahmed\AppData\Local\Programs\MiKTeX\tex/xelatex/bidi\loadingorder-xet
ex-bidi.def
File: loadingorder-xetex-bidi.def 2017/12/29 v0.97 making sure that bidi is the
 last package loaded
)
\bidi@digits=\count280
\bidi@digits@charclass=\XeTeXcharclass2
\bidi@sepmark@charclass=\XeTeXcharclass3
)
(C:\Users\Ahmed\AppData\Local\Programs\MiKTeX\tex/latex/polyglossia\arabicnumbe
rs.sty
Package: arabicnumbers 2010/03/18 v0.2 Formatting of Arabic and Farsi digits an
d of Arabic abjad numerals
)
(C:\Users\Ahmed\AppData\Local\Programs\MiKTeX\tex/latex/polyglossia\hijrical.st
y
Package: hijrical 2010/07/12 v0.2 Islamic calendar
 (C:\Users\Ahmed\AppData\Local\Programs\MiKTeX\tex/latex/tools\calc.sty
Package: calc 2017/05/25 v4.3 Infix arithmetic (KKT,FJ)
\calc@Acount=\count281
\calc@Bcount=\count282
\calc@Adimen=\dimen144
\calc@Bdimen=\dimen145
\calc@Askip=\skip50
\calc@Bskip=\skip51
LaTeX Info: Redefining \setlength on input line 80.
LaTeX Info: Redefining \addtolength on input line 81.
\calc@Ccount=\count283
\calc@Cskip=\skip52
)
(C:\Users\Ahmed\AppData\Local\Programs\MiKTeX\tex/latex/polyglossia\cal-util.de
f
\c@tmpA=\count284
\c@tmpB=\count285
\c@tmpC=\count286
\c@tmpD=\count287
\c@tmpE=\count288
\c@tmpF=\count289
)
\c@Hijriday=\count290
\c@Hijrimonth=\count291
\c@Hijriyear=\count292
)
The property list \polyglossia@langsetup contains the pairs (without outer
braces):
>  {latex/script}  =>  {latin}
>  {latex/lcscript}  =>  {latin}
>  {latex/scripttag}  =>  {}
>  {latex/language}  =>  {Latex}
>  {latex/langtag}  =>  {ENG}
>  {latex/bcp47}  =>  {en-US}
>  {latex/bcp47-language}  =>  {en}
>  {latex/bcp47-region}  =>  {US}
>  {latex/bcp47-script}  =>  {Latn}
>  {latex/bcp47-variant}  =>  {}
>  {latex/bcp47-extension-t}  =>  {}
>  {latex/bcp47-extension-u}  =>  {}
>  {latex/bcp47-extension-x}  =>  {}
>  {latex/bcp47-casing}  =>  {}
>  {latex/hyphennames}  =>  {english}
>  {latex/direction}  =>  {LR}
>  {latex/hyphenmins}  =>  {2,3}
>  {latex/frenchspacing}  =>  {false}
>  {latex/indentfirst}  =>  {false}
>  {latex/fontsetup}  =>  {true}
>  {latex/envname}  =>  {latex}
>  {latex/babelname}  =>  {latex}
>  {latex/localnumeral}  =>  {polyglossia@C@localnumeral}
>  {latex/Localnumeral}  =>  {polyglossia@C@localnumeral}
>  {latex/DefineCommandsCmd}  =>  {use_none:n}
>  {arabic/script}  =>  {Arabic}
>  {arabic/lcscript}  =>  {arabic}
>  {arabic/scripttag}  =>  {arab}
>  {arabic/language}  =>  {Arabic}
>  {arabic/langtag}  =>  {ARA}
>  {arabic/bcp47}  =>  {ar}
>  {arabic/bcp47-language}  =>  {ar}
>  {arabic/bcp47-region}  =>  {YE}
>  {arabic/bcp47-script}  =>  {Arab}
>  {arabic/bcp47-variant}  =>  {}
>  {arabic/bcp47-extension-t}  =>  {}
>  {arabic/bcp47-extension-u}  =>  {}
>  {arabic/bcp47-extension-x}  =>  {}
>  {arabic/bcp47-casing}  =>  {}
>  {arabic/hyphennames}  =>  {nohyphenation}
>  {arabic/direction}  =>  {RL}
>  {arabic/hyphenmins}  =>  {2,3}
>  {arabic/frenchspacing}  =>  {false}
>  {arabic/indentfirst}  =>  {false}
>  {arabic/fontsetup}  =>  {true}
>  {arabic/envname}  =>  {Arabic}
>  {arabic/babelname}  =>  {arabic}
>  {arabic/localnumeral}  =>  {arabicnumerals}
>  {arabic/Localnumeral}  =>  {arabicnumerals}
>  {arabic/DefineCommandsCmd}  =>  {xpg_define_language_commands:e}.
Package polyglossia Info: Option: arabic, locale=default.
Package polyglossia Info: Option: Arabic, calendar=gregorian.
Package polyglossia Info: Option: Arabic, numerals=mashriq.
)
Package polyglossia Info: Default language is arabic.

(C:\Users\Ahmed\AppData\Local\Programs\MiKTeX\tex/latex/polyglossia\gloss-engli
sh.ldf
File: gloss-english.ldf polyglossia: module for English
The property list \polyglossia@langsetup contains the pairs (without outer
braces):
>  {latex/script}  =>  {latin}
>  {latex/lcscript}  =>  {latin}
>  {latex/scripttag}  =>  {}
>  {latex/language}  =>  {Latex}
>  {latex/langtag}  =>  {ENG}
>  {latex/bcp47}  =>  {en-US}
>  {latex/bcp47-language}  =>  {en}
>  {latex/bcp47-region}  =>  {US}
>  {latex/bcp47-script}  =>  {Latn}
>  {latex/bcp47-variant}  =>  {}
>  {latex/bcp47-extension-t}  =>  {}
>  {latex/bcp47-extension-u}  =>  {}
>  {latex/bcp47-extension-x}  =>  {}
>  {latex/bcp47-casing}  =>  {}
>  {latex/hyphennames}  =>  {english}
>  {latex/direction}  =>  {LR}
>  {latex/hyphenmins}  =>  {2,3}
>  {latex/frenchspacing}  =>  {false}
>  {latex/indentfirst}  =>  {false}
>  {latex/fontsetup}  =>  {true}
>  {latex/envname}  =>  {latex}
>  {latex/babelname}  =>  {latex}
>  {latex/localnumeral}  =>  {polyglossia@C@localnumeral}
>  {latex/Localnumeral}  =>  {polyglossia@C@localnumeral}
>  {latex/DefineCommandsCmd}  =>  {use_none:n}
>  {arabic/script}  =>  {Arabic}
>  {arabic/lcscript}  =>  {arabic}
>  {arabic/scripttag}  =>  {arab}
>  {arabic/language}  =>  {Arabic}
>  {arabic/langtag}  =>  {ARA}
>  {arabic/bcp47}  =>  {ar-YE}
>  {arabic/bcp47-language}  =>  {ar}
>  {arabic/bcp47-region}  =>  {YE}
>  {arabic/bcp47-script}  =>  {Arab}
>  {arabic/bcp47-variant}  =>  {}
>  {arabic/bcp47-extension-t}  =>  {}
>  {arabic/bcp47-extension-u}  =>  {}
>  {arabic/bcp47-extension-x}  =>  {}
>  {arabic/bcp47-casing}  =>  {}
>  {arabic/hyphennames}  =>  {nohyphenation}
>  {arabic/direction}  =>  {RL}
>  {arabic/hyphenmins}  =>  {2,3}
>  {arabic/frenchspacing}  =>  {false}
>  {arabic/indentfirst}  =>  {false}
>  {arabic/fontsetup}  =>  {true}
>  {arabic/envname}  =>  {Arabic}
>  {arabic/babelname}  =>  {arabic}
>  {arabic/localnumeral}  =>  {arabicnumerals}
>  {arabic/Localnumeral}  =>  {arabicnumerals}
>  {arabic/DefineCommandsCmd}  =>  {xpg_define_language_commands:e}
>  {english/script}  =>  {latin}
>  {english/lcscript}  =>  {latin}
>  {english/scripttag}  =>  {}
>  {english/language}  =>  {English}
>  {english/langtag}  =>  {ENG}
>  {english/bcp47}  =>  {en-US}
>  {english/bcp47-language}  =>  {en}
>  {english/bcp47-region}  =>  {US}
>  {english/bcp47-script}  =>  {Latn}
>  {english/bcp47-variant}  =>  {}
>  {english/bcp47-extension-t}  =>  {}
>  {english/bcp47-extension-u}  =>  {}
>  {english/bcp47-extension-x}  =>  {}
>  {english/bcp47-casing}  =>  {}
>  {english/hyphennames}  =>  {english,american,usenglish,USenglish}
>  {english/direction}  =>  {LR}
>  {english/hyphenmins}  =>  {2,3}
>  {english/frenchspacing}  =>  {false}
>  {english/indentfirst}  =>  {false}
>  {english/fontsetup}  =>  {true}
>  {english/envname}  =>  {english}
>  {english/babelname}  =>  {english}
>  {english/localnumeral}  =>  {polyglossia@C@localnumeral}
>  {english/Localnumeral}  =>  {polyglossia@C@localnumeral}
>  {english/DefineCommandsCmd}  =>  {xpg_define_language_commands:e}.
Package polyglossia Info: Option: English, variant=american.
)

Package fontspec Info: Font family 'Amiri(0)' created for font 'Amiri' with
(fontspec)             options [Script=Arabic,Scale=1.1].
(fontspec)              
(fontspec)              This font family consists of the following NFSS
(fontspec)             series/shapes:
(fontspec)              
(fontspec)             - 'normal' (m/n) with NFSS spec.:
(fontspec)             <->s*[1.1]"Amiri/OT:script=arab;language=dflt;"
(fontspec)             - 'small caps'  (m/sc) with NFSS spec.: 
(fontspec)             - 'bold' (b/n) with NFSS spec.:
(fontspec)             <->s*[1.1]"Amiri/B/OT:script=arab;language=dflt;"
(fontspec)             - 'bold small caps'  (b/sc) with NFSS spec.: 
(fontspec)             - 'italic' (m/it) with NFSS spec.:
(fontspec)             <->s*[1.1]"Amiri/I/OT:script=arab;language=dflt;"
(fontspec)             - 'italic small caps'  (m/scit) with NFSS spec.: 
(fontspec)             - 'bold italic' (b/it) with NFSS spec.:
(fontspec)             <->s*[1.1]"Amiri/BI/OT:script=arab;language=dflt;"
(fontspec)             - 'bold italic small caps'  (b/scit) with NFSS spec.: 

 (main.aux)
\openout1 = `main.aux'.

LaTeX Font Info:    Checking defaults for OML/cmm/m/it on input line 10.
LaTeX Font Info:    ... okay on input line 10.
LaTeX Font Info:    Checking defaults for OMS/cmsy/m/n on input line 10.
LaTeX Font Info:    ... okay on input line 10.
LaTeX Font Info:    Checking defaults for OT1/cmr/m/n on input line 10.
LaTeX Font Info:    ... okay on input line 10.
LaTeX Font Info:    Checking defaults for T1/cmr/m/n on input line 10.
LaTeX Font Info:    ... okay on input line 10.
LaTeX Font Info:    Checking defaults for TS1/cmr/m/n on input line 10.
LaTeX Font Info:    Trying to load font information for TS1+cmr on input line 1
0.

(C:\Users\Ahmed\AppData\Local\Programs\MiKTeX\tex/latex/base\ts1cmr.fd
File: ts1cmr.fd 2023/04/13 v2.5m Standard LaTeX font definitions
)
LaTeX Font Info:    ... okay on input line 10.
LaTeX Font Info:    Checking defaults for TU/lmr/m/n on input line 10.
LaTeX Font Info:    ... okay on input line 10.
LaTeX Font Info:    Checking defaults for OMX/cmex/m/n on input line 10.
LaTeX Font Info:    ... okay on input line 10.
LaTeX Font Info:    Checking defaults for U/cmr/m/n on input line 10.
LaTeX Font Info:    ... okay on input line 10.

Package fontspec Info: Adjusting the maths setup (use [no-math] to avoid
(fontspec)             this).

\symlegacymaths=\mathgroup4
LaTeX Font Info:    Overwriting symbol font `legacymaths' in version `bold'
(Font)                  OT1/cmr/m/n --> OT1/cmr/bx/n on input line 10.
LaTeX Font Info:    Redeclaring math accent \acute on input line 10.
LaTeX Font Info:    Redeclaring math accent \grave on input line 10.
LaTeX Font Info:    Redeclaring math accent \ddot on input line 10.
LaTeX Font Info:    Redeclaring math accent \tilde on input line 10.
LaTeX Font Info:    Redeclaring math accent \bar on input line 10.
LaTeX Font Info:    Redeclaring math accent \breve on input line 10.
LaTeX Font Info:    Redeclaring math accent \check on input line 10.
LaTeX Font Info:    Redeclaring math accent \hat on input line 10.
LaTeX Font Info:    Redeclaring math accent \dot on input line 10.
LaTeX Font Info:    Redeclaring math accent \mathring on input line 10.
LaTeX Font Info:    Redeclaring math symbol \colon on input line 10.
LaTeX Font Info:    Redeclaring math symbol \Gamma on input line 10.
LaTeX Font Info:    Redeclaring math symbol \Delta on input line 10.
LaTeX Font Info:    Redeclaring math symbol \Theta on input line 10.
LaTeX Font Info:    Redeclaring math symbol \Lambda on input line 10.
LaTeX Font Info:    Redeclaring math symbol \Xi on input line 10.
LaTeX Font Info:    Redeclaring math symbol \Pi on input line 10.
LaTeX Font Info:    Redeclaring math symbol \Sigma on input line 10.
LaTeX Font Info:    Redeclaring math symbol \Upsilon on input line 10.
LaTeX Font Info:    Redeclaring math symbol \Phi on input line 10.
LaTeX Font Info:    Redeclaring math symbol \Psi on input line 10.
LaTeX Font Info:    Redeclaring math symbol \Omega on input line 10.
LaTeX Font Info:    Redeclaring math symbol \mathdollar on input line 10.
LaTeX Font Info:    Redeclaring symbol font `operators' on input line 10.
LaTeX Font Info:    Encoding `OT1' has changed to `TU' for symbol font
(Font)              `operators' in the math version `normal' on input line 10.
LaTeX Font Info:    Overwriting symbol font `operators' in version `normal'
(Font)                  OT1/cmr/m/n --> TU/lmr/m/n on input line 10.
LaTeX Font Info:    Encoding `OT1' has changed to `TU' for symbol font
(Font)              `operators' in the math version `bold' on input line 10.
LaTeX Font Info:    Overwriting symbol font `operators' in version `bold'
(Font)                  OT1/cmr/bx/n --> TU/lmr/m/n on input line 10.
LaTeX Font Info:    Overwriting symbol font `operators' in version `normal'
(Font)                  TU/lmr/m/n --> TU/lmr/m/n on input line 10.
LaTeX Font Info:    Overwriting math alphabet `\mathit' in version `normal'
(Font)                  OT1/cmr/m/it --> TU/lmr/m/it on input line 10.
LaTeX Font Info:    Overwriting math alphabet `\mathbf' in version `normal'
(Font)                  OT1/cmr/bx/n --> TU/lmr/b/n on input line 10.
LaTeX Font Info:    Overwriting math alphabet `\mathsf' in version `normal'
(Font)                  OT1/cmss/m/n --> TU/lmss/m/n on input line 10.
LaTeX Font Info:    Overwriting math alphabet `\mathtt' in version `normal'
(Font)                  OT1/cmtt/m/n --> TU/lmtt/m/n on input line 10.
LaTeX Font Info:    Overwriting symbol font `operators' in version `bold'
(Font)                  TU/lmr/m/n --> TU/lmr/b/n on input line 10.
LaTeX Font Info:    Overwriting math alphabet `\mathit' in version `bold'
(Font)                  OT1/cmr/bx/it --> TU/lmr/b/it on input line 10.
LaTeX Font Info:    Overwriting math alphabet `\mathsf' in version `bold'
(Font)                  OT1/cmss/bx/n --> TU/lmss/b/n on input line 10.
LaTeX Font Info:    Overwriting math alphabet `\mathtt' in version `bold'
(Font)                  OT1/cmtt/m/n --> TU/lmtt/b/n on input line 10.
The property list \__xpg_alias contains the pairs (without outer braces):
>  {latex/target}  =>  {latex}
>  {arabic/target}  =>  {arabic}
>  {ar/target}  =>  {arabic}
>  {ar-IQ/target}  =>  {arabic}
>  {ar-IQ/options}  =>  {locale=mashriq}
>  {ar-YE/target}  =>  {arabic}
>  {ar-YE/options}  =>  {locale=default}
>  {ar-LB/target}  =>  {arabic}
>  {ar-LB/options}  =>  {locale=mashriq}
>  {ar-JO/target}  =>  {arabic}
>  {ar-JO/options}  =>  {locale=mashriq}
>  {afb/target}  =>  {arabic}
>  {afb/options}  =>  {locale=default}
>  {ar-MR/target}  =>  {arabic}
>  {ar-MR/options}  =>  {locale=mauritania}
>  {arz/target}  =>  {arabic}
>  {arz/options}  =>  {locale=default}
>  {ary/target}  =>  {arabic}
>  {ary/options}  =>  {locale=morocco}
>  {arq/target}  =>  {arabic}
>  {arq/options}  =>  {locale=algeria}
>  {aeb/target}  =>  {arabic}
>  {aeb/options}  =>  {locale=tunisia}
>  {ar-SY/target}  =>  {arabic}
>  {ar-SY/options}  =>  {locale=mashriq}
>  {ayl/target}  =>  {arabic}
>  {ayl/options}  =>  {locale=libya}
>  {apd/target}  =>  {arabic}
>  {apd/options}  =>  {locale=default}
>  {ar-PS/target}  =>  {arabic}
>  {ar-PS/options}  =>  {locale=mashriq}
>  {english/target}  =>  {english}
>  {en/target}  =>  {english}
>  {en-AU/target}  =>  {english}
>  {en-AU/variant}  =>  {australian}
>  {en-AU/options}  =>  {variant=australian}
>  {en-CA/target}  =>  {english}
>  {en-CA/variant}  =>  {canadian}
>  {en-CA/options}  =>  {variant=canadian}
>  {en-GB/target}  =>  {english}
>  {en-GB/variant}  =>  {british}
>  {en-GB/options}  =>  {variant=british}
>  {en-NZ/target}  =>  {english}
>  {en-NZ/variant}  =>  {newzealand}
>  {en-NZ/options}  =>  {variant=newzealand}
>  {en-US/target}  =>  {english}
>  {en-US/variant}  =>  {us}
>  {en-US/options}  =>  {variant=us}
>  {american/target}  =>  {english}
>  {american/variant}  =>  {us}
>  {american/options}  =>  {variant=us}
>  {australian/target}  =>  {english}
>  {australian/variant}  =>  {australian}
>  {australian/options}  =>  {variant=australian}
>  {british/target}  =>  {english}
>  {british/variant}  =>  {british}
>  {british/options}  =>  {variant=british}
>  {canadian/target}  =>  {english}
>  {canadian/variant}  =>  {canadian}
>  {canadian/options}  =>  {variant=canadian}
>  {newzealand/target}  =>  {english}
>  {newzealand/variant}  =>  {newzealand}
>  {newzealand/options}  =>  {variant=newzealand}.
LaTeX Font Info:    Font shape `TU/Amiri(0)/m/n' will be
(Font)              scaled to size 11.00006pt on input line 10.
LaTeX Info: Redefining \rmfamily on input line 14.
LaTeX Info: Redefining \sffamily on input line 14.
LaTeX Info: Redefining \ttfamily on input line 14.
LaTeX Font Info:    External font `cmex10' loaded for size
(Font)              <7> on input line 26.
LaTeX Font Info:    External font `cmex10' loaded for size
(Font)              <5> on input line 26.
The property list \polyglossia@langsetup contains the pairs (without outer
braces):
>  {latex/script}  =>  {latin}
>  {latex/lcscript}  =>  {latin}
>  {latex/scripttag}  =>  {}
>  {latex/language}  =>  {Latex}
>  {latex/langtag}  =>  {ENG}
>  {latex/bcp47}  =>  {en-US}
>  {latex/bcp47-language}  =>  {en}
>  {latex/bcp47-region}  =>  {US}
>  {latex/bcp47-script}  =>  {Latn}
>  {latex/bcp47-variant}  =>  {}
>  {latex/bcp47-extension-t}  =>  {}
>  {latex/bcp47-extension-u}  =>  {}
>  {latex/bcp47-extension-x}  =>  {}
>  {latex/bcp47-casing}  =>  {}
>  {latex/hyphennames}  =>  {english}
>  {latex/direction}  =>  {LR}
>  {latex/hyphenmins}  =>  {2,3}
>  {latex/frenchspacing}  =>  {false}
>  {latex/indentfirst}  =>  {false}
>  {latex/fontsetup}  =>  {true}
>  {latex/envname}  =>  {latex}
>  {latex/babelname}  =>  {latex}
>  {latex/localnumeral}  =>  {polyglossia@C@localnumeral}
>  {latex/Localnumeral}  =>  {polyglossia@C@localnumeral}
>  {latex/DefineCommandsCmd}  =>  {use_none:n}
>  {arabic/script}  =>  {Arabic}
>  {arabic/lcscript}  =>  {arabic}
>  {arabic/scripttag}  =>  {arab}
>  {arabic/language}  =>  {Arabic}
>  {arabic/langtag}  =>  {ARA}
>  {arabic/bcp47}  =>  {ar-YE}
>  {arabic/bcp47-language}  =>  {ar}
>  {arabic/bcp47-region}  =>  {YE}
>  {arabic/bcp47-script}  =>  {Arab}
>  {arabic/bcp47-variant}  =>  {}
>  {arabic/bcp47-extension-t}  =>  {}
>  {arabic/bcp47-extension-u}  =>  {}
>  {arabic/bcp47-extension-x}  =>  {}
>  {arabic/bcp47-casing}  =>  {}
>  {arabic/hyphennames}  =>  {nohyphenation}
>  {arabic/direction}  =>  {RL}
>  {arabic/hyphenmins}  =>  {2,3}
>  {arabic/frenchspacing}  =>  {false}
>  {arabic/indentfirst}  =>  {false}
>  {arabic/fontsetup}  =>  {true}
>  {arabic/envname}  =>  {Arabic}
>  {arabic/babelname}  =>  {arabic}
>  {arabic/localnumeral}  =>  {arabicnumerals}
>  {arabic/Localnumeral}  =>  {arabicnumerals}
>  {arabic/DefineCommandsCmd}  =>  {xpg_define_language_commands:e}
>  {english/script}  =>  {latin}
>  {english/lcscript}  =>  {latin}
>  {english/scripttag}  =>  {}
>  {english/language}  =>  {English}
>  {english/langtag}  =>  {ENG}
>  {english/bcp47}  =>  {en-US}
>  {english/bcp47-language}  =>  {en}
>  {english/bcp47-region}  =>  {US}
>  {english/bcp47-script}  =>  {Latn}
>  {english/bcp47-variant}  =>  {}
>  {english/bcp47-extension-t}  =>  {}
>  {english/bcp47-extension-u}  =>  {}
>  {english/bcp47-extension-x}  =>  {}
>  {english/bcp47-casing}  =>  {}
>  {english/hyphennames}  =>  {english,american,usenglish,USenglish}
>  {english/direction}  =>  {LR}
>  {english/hyphenmins}  =>  {2,3}
>  {english/frenchspacing}  =>  {false}
>  {english/indentfirst}  =>  {false}
>  {english/fontsetup}  =>  {true}
>  {english/envname}  =>  {english}
>  {english/babelname}  =>  {american}
>  {english/localnumeral}  =>  {polyglossia@C@localnumeral}
>  {english/Localnumeral}  =>  {polyglossia@C@localnumeral}
>  {english/DefineCommandsCmd}  =>  {xpg_define_language_commands:e}.
The property list \__xpg_alias contains the pairs (without outer braces):
>  {latex/target}  =>  {latex}
>  {arabic/target}  =>  {arabic}
>  {ar/target}  =>  {arabic}
>  {ar-IQ/target}  =>  {arabic}
>  {ar-IQ/options}  =>  {locale=mashriq}
>  {ar-YE/target}  =>  {arabic}
>  {ar-YE/options}  =>  {locale=default}
>  {ar-LB/target}  =>  {arabic}
>  {ar-LB/options}  =>  {locale=mashriq}
>  {ar-JO/target}  =>  {arabic}
>  {ar-JO/options}  =>  {locale=mashriq}
>  {afb/target}  =>  {arabic}
>  {afb/options}  =>  {locale=default}
>  {ar-MR/target}  =>  {arabic}
>  {ar-MR/options}  =>  {locale=mauritania}
>  {arz/target}  =>  {arabic}
>  {arz/options}  =>  {locale=default}
>  {ary/target}  =>  {arabic}
>  {ary/options}  =>  {locale=morocco}
>  {arq/target}  =>  {arabic}
>  {arq/options}  =>  {locale=algeria}
>  {aeb/target}  =>  {arabic}
>  {aeb/options}  =>  {locale=tunisia}
>  {ar-SY/target}  =>  {arabic}
>  {ar-SY/options}  =>  {locale=mashriq}
>  {ayl/target}  =>  {arabic}
>  {ayl/options}  =>  {locale=libya}
>  {apd/target}  =>  {arabic}
>  {apd/options}  =>  {locale=default}
>  {ar-PS/target}  =>  {arabic}
>  {ar-PS/options}  =>  {locale=mashriq}
>  {english/target}  =>  {english}
>  {en/target}  =>  {english}
>  {en-AU/target}  =>  {english}
>  {en-AU/variant}  =>  {australian}
>  {en-AU/options}  =>  {variant=australian}
>  {en-CA/target}  =>  {english}
>  {en-CA/variant}  =>  {canadian}
>  {en-CA/options}  =>  {variant=canadian}
>  {en-GB/target}  =>  {english}
>  {en-GB/variant}  =>  {british}
>  {en-GB/options}  =>  {variant=british}
>  {en-NZ/target}  =>  {english}
>  {en-NZ/variant}  =>  {newzealand}
>  {en-NZ/options}  =>  {variant=newzealand}
>  {en-US/target}  =>  {english}
>  {en-US/variant}  =>  {us}
>  {en-US/options}  =>  {variant=us}
>  {american/target}  =>  {english}
>  {american/variant}  =>  {us}
>  {american/options}  =>  {variant=us}
>  {australian/target}  =>  {english}
>  {australian/variant}  =>  {australian}
>  {australian/options}  =>  {variant=australian}
>  {british/target}  =>  {english}
>  {british/variant}  =>  {british}
>  {british/options}  =>  {variant=british}
>  {canadian/target}  =>  {english}
>  {canadian/variant}  =>  {canadian}
>  {canadian/options}  =>  {variant=canadian}
>  {newzealand/target}  =>  {english}
>  {newzealand/variant}  =>  {newzealand}
>  {newzealand/options}  =>  {variant=newzealand}.

[1

] (main.aux)
 ***********
LaTeX2e <2023-06-01> patch level 1
L3 programming layer <2023-08-11>
 ***********
 ) 
Here is how much of TeX's memory you used:
 6604 strings out of 410633
 170845 string characters out of 5792050
 1911879 words of memory out of 5000000
 27609 multiletter control sequences out of 15000+600000
 558189 words of font info for 51 fonts, out of 8000000 for 9000
 1348 hyphenation exceptions out of 8191
 83i,8n,100p,1056b,235s stack positions out of 10000i,1000n,20000p,200000b,200000s

Output written on main.pdf (1 page).
